<?xml version="1.0" encoding="UTF-8"?>
<testsuite xmlns:xsi="http://www.w3.org/2001/XMLSchema-instance" xsi:noNamespaceSchemaLocation="https://maven.apache.org/surefire/maven-surefire-plugin/xsd/surefire-test-report.xsd" name="com.stockmanagement.app.AppApplicationTests" time="0.001" tests="1" errors="1" skipped="0" failures="0">
  <properties>
[...]
</properties>
  <testcase name="com.stockmanagement.app.AppApplicationTests" classname="com.stockmanagement.app.AppApplicationTests" time="0.001">
    <error message="Unable to find a @SpringBootConfiguration, you need to use @ContextConfiguration or @SpringBootTest(classes=...) with your test" type="java.lang.IllegalStateException">java.lang.IllegalStateException: Unable to find a @SpringBootConfiguration, you need to use @ContextConfiguration or @SpringBootTest(classes=...) with your test
</error>
    <system-out><![CDATA[&amp#27;[32m16:08:58&amp#27;[0;39m &amp#27;[34mINFO &amp#27;[0;39m &amp#27;[36m[AnnotationConfigContextLoaderUtils] &amp#27;[0;39m- &amp#27;[33m[detectDefaultConfigurationClasses] -&amp#27;[0;39m &amp#27;[35m83&amp#27;[0;39m 
       - Could not detect default configuration classes for test class [com.stockmanagement.app.AppApplicationTests]: AppApplicationTests does not declare any static, non-private, non-final, nested classes annotated with @Configuration.
]]></system-out>
  </testcase>
</testsuite>